e:\vs_project\detection\facedetection\x64\release\vc141.pdb
e:\vs_project\detection\facedetection\x64\release\nms.obj
e:\vs_project\detection\facedetection\x64\release\image_pyramid.obj
e:\vs_project\detection\facedetection\x64\release\surf_mlp_model_reader.obj
e:\vs_project\detection\facedetection\x64\release\lab_boost_model_reader.obj
e:\vs_project\detection\facedetection\x64\release\fust.obj
e:\vs_project\detection\facedetection\x64\release\surf_feature_map.obj
e:\vs_project\detection\facedetection\x64\release\lab_feature_map.obj
e:\vs_project\detection\facedetection\x64\release\face_detection.obj
e:\vs_project\detection\facedetection\x64\release\surf_mlp.obj
e:\vs_project\detection\facedetection\x64\release\mlp.obj
e:\vs_project\detection\facedetection\x64\release\lab_boosted_classifier.obj
e:\vs_project\detection\x64\release\facedetection.lib
e:\vs_project\detection\x64\release\facedetection.exp
e:\vs_project\detection\x64\release\facedetection.ipdb
e:\vs_project\detection\x64\release\facedetection.iobj
e:\vs_project\detection\x64\release\facedetection.dll
e:\vs_project\detection\x64\release\facedetection.pdb
e:\vs_project\detection\facedetection\x64\release\facedetection.tlog\cl.command.1.tlog
e:\vs_project\detection\facedetection\x64\release\facedetection.tlog\cl.read.1.tlog
e:\vs_project\detection\facedetection\x64\release\facedetection.tlog\cl.write.1.tlog
e:\vs_project\detection\facedetection\x64\release\facedetection.tlog\facedetection.write.1u.tlog
e:\vs_project\detection\facedetection\x64\release\facedetection.tlog\link.command.1.tlog
e:\vs_project\detection\facedetection\x64\release\facedetection.tlog\link.read.1.tlog
e:\vs_project\detection\facedetection\x64\release\facedetection.tlog\link.write.1.tlog
